CC: pudge_pudge
CC: stdlib_system
CC: stdlib_sharedlist
CC: stdlib_tables
CC: pudge_pudgeclient
CC: yaml_serialization
Read configuration from: config.json
Engine:SOPHIA
setup key:sophia.path	val:./sophia
0
setup key:db	val:db
0
setup key:backup.path	val:backup
0
setup key:db.db.compression	val:none
0
setup key:scheduler.threads	val:5
0
setup key:db.db.mmap	val:1
0
setup key:db.db.expire	val:0
0
setup key:db.db.compaction.expire_period	val:36000
0
Server initialised!
Read configuration from: config.json
Engine:SOPHIA
setup key:sophia.path	val:./sophia
0
setup key:db	val:db
0
setup key:backup.path	val:backup
0
setup key:db.db.compression	val:none
0
setup key:scheduler.threads	val:5
0
setup key:db.db.mmap	val:1
0
setup key:db.db.expire	val:0
0
setup key:db.db.compaction.expire_period	val:36000
0
Server initialised!
New client
Clients count:1
Clients count:0
client closed
New client
Clients count:1
Clients count:0
client closed
New client
Clients count:1
Clients count:0
client closed
New client
Clients count:1
die server
Clients count:0
client closed
exit
Server died
Read configuration from: config.json
Engine:SOPHIA
setup key:sophia.path	val:./sophia
0
setup key:db	val:db
0
setup key:backup.path	val:backup
0
setup key:db.db.compression	val:none
0
setup key:scheduler.threads	val:5
0
setup key:db.db.mmap	val:1
0
setup key:db.db.expire	val:0
0
setup key:db.db.compaction.expire_period	val:36000
0
Server initialised!
New client
Clients count:1
client closed
Clients count:0
New client
Clients count:1
client closed
Clients count:0
